1716975660547:send erdem merhaba
1716975723248:send "erdem" "merhaba"
1716976205723:send "erdem" "öden"
1716977366506:send "erdem" "merhaba"
1716977419285:hello
1716977436310:send "erdem" "merhaba tekrar"
1716977448572:send erdem merhaba tekrar
1716977474776:send "erdem" "merhaba tekrar"
1716977492782:send erdem merhabalar
1716977575875:send erdem merhaba
1716977640392:send hello erdem
1716978065163:send erdem merhaba
1716978101673:hello
1716978174650:send erdem dene
1716978411486:hello
1716978418993:send erdem benim
1716980061997:hello
1716980243676:send erdem merhaba
1716980285865:send erdem deneme
1716981179933:send erdem merhaba
1717186857029:send --name erdem --message merhaba
1717188027275:send --name erdem --message dene
1717188086352:send --name erdem --message deneme
1717188558879:send --name erdem --message merhaba
1717189111281:send --namer erdem --message hello
1717189138037:send --name erdem --message hello
1717189152926:send --name ali --message naber
1717189215021:send --name erdem --message hello
1717189474749:send --name erdem --message öden
1717189595359:send --name erdem --message mer
1717190120666:send --name erdem --message ayı
1717190320319:send --name erdem --message göt
1717247178486:send --name erdem --message deneme
1717248219992:send --name ali --message naber
1717254014478:move
1717256312387:send --name erdem --message merhaba
1717256319055:clear
1717256703558:send --name erdem --message merhaba
1717256751176:send --name erdem --message deneme
1717264039163:hello
1717267514315:send --name erdem --message merhaba
1717269778175:hello
1717269790045:send --name erdem --message deneme
1717271558004:move
1717272066217:getOsInfo
1717273196033:move
1717273310537:clear
1717337318775:send --name erdem --message deneme
1717338036632:package com.woh.ChatSpring.Controller;
1717338036646:import com.woh.ChatSpring.DTO.RequestModel;
1717338036654:import com.woh.ChatSpring.DTO.ResponseModel;
1717338036658:import com.woh.ChatSpring.Events.EventFactory;
1717338036660:import com.woh.ChatSpring.Events.EventsEnum;
1717338036663:import lombok.RequiredArgsConstructor;
1717338036667:import org.slf4j.Logger;
1717338036669:import org.slf4j.LoggerFactory;
1717338036677:import org.springframework.messaging.handler.annotation.MessageMapping;
1717338036680:import org.springframework.messaging.handler.annotation.SendTo;
1717338036682:import org.springframework.stereotype.Controller;
1717338036688:@Controller
1717338036689:@RequiredArgsConstructor
1717338036690:public class ChatController {
1717338036700:}
1717338042080:send --name erdem --message deneme
1717338678623:hello
1717338688810:clear
1717338691918:send --name erdem --message deneme
1717339171861:setname "erdem"
1717339239848:send "naber"
1717339297709:setname "erdem"
1717339317218:setname "erhan"
1717339353604:setname "orhan"
1717339360085:nudge
1717339369606:send "naber"
1717339381379:send "iyi sen Orhan"
1717339506525:setname erdem
1717339531249:setname
1717339538258:setname orhan
1717339551368:nudge
1717339629482:setname erdem
1717339646949:setname orhan
1717339659773:nudge
1717339680385:send naber
1717339688419:send iyi sen
1717339710586:nudge
1717339881090:setname erdem
1717339897633:setname orhan
1717339907440:nudge
1717340024949:setname erdem
1717340040621:setname orhan
1717340050761:nudge
1717340078484:send "naber"
1717340083115:,
1717340089255:nudge
1717340123003:setname erdem
1717340126504:nudge
1717340209777:setname erdem
1717340225986:setname orhan
1717340235516:nudge
1717340331833:setname erhan
1717340339151:nudge
1717340530616:setname erdem
1717340548215:setname orhan
1717340556882:nudge
1717340670588:setname ali
1717340676168:nudge
1717340750494:send naber
1717340756597:nudge
1717340936915:send naber
1717340961903:nudge
1717341164577:setname erdem
1717341180069:setname orhan
1717341190078:nudge
1717341237115:nudge
1717341265564:setname orhan
1717341273196:setname deneme
1717341276930:nudge
1717341439145:setname erdem
1717341475045:setname orhan
1717341489629:nudge
1717341531743:setname erhan
1717341535243:nudge
1717341595059:nudge
1717341626818:setname erdem
1717341674979:setname orhan
1717341680935:nudge
1717341711096:setname erdem
1717341732295:setname orhan
1717341741099:nudge
1717343444923:setname erdem
1717343453614:send merhaba
1717344957486:setname deneme
1717344963091:send merhaba
1717346204165:setname veli
1717346217103:send "naber erhan"
1717346223964:nudge
1717346280901:send "naber erhan puşt"
1717346310336:setname kazım
1717346315967:send naber
1717346402833:setname jale
1717346422190:,
1717346432756:send "naber jale"
1717346476361:nudge
1717347016988:setname oden
1717347050301:send "iyidir sen birader"
1717347085153:send "ulan ne dürtüyon"
1717347090009:nudge
1717347295917:setname erdem
1717347301324:nudge
1717347320040:setname osman
1717347427404:setname erdem
1717347446804:nudge
1717347636160:setname erdem
1717347651411:setname osman
1717347658410:nudge
1717347702360:setname erdem
1717347719234:setname osman
1717347727633:nudge
1717347888393:setname erdem
1717347927815:setname osman
1717347947776:nudge
1717347961833:send "nudge yapma lan"
1717347972235:clear
1717348070847:setname erdem
1717348079680:setname ali
1717348105150:setname veli
1717348139251:setname kazım
1717348757297:setname erhan
1717348868854:setname deniz
1717348989218:setname ddsd
1717349068514:sdasdad
1717349075484:setname dfafafd
1717349261654:setname ghfgh
1717349431824:setname fsdfsgs
1717349843361:setname sdfsdfggs
1717349848208:hello
1717350010586:setname dsksdlkgjs
1717350025979:setname dlfsdkflksdf
1717350087822:setname osuruk
1717350164984:setname hıgdkjhkjsd
1717350301578:setname sdfsgsdfgsdg
1717350324101:setname sdfsfgsdgsg
1717350330699:setname dsfsdffs
1717350363558:send "naber"
1717350572441:setname gaye
1717350580659:send naber
1717350943213:setname erdem
1717351078625:erdem
1717351083582:setname erdem
1717351191380:send erdem
1717351319286:setname erdem
1717352970826:nudge
1717353266771:setname erdem
1717353542250:setname erhan
1717353685010:setname erdem
1717354570001:setname erhan
1717354591252:nudge
1717354710776:setname erhan
1717354787119:setname erdem
1717355201332:setname hasan
1717355214464:send merhaba
1717355218595:setname erdem
1717355222480:setname hasan
1717355227395:setname osman
1717355390530:setname erdem
1717355677447:send merhaba
1717355690784:setname hasan
1717355697273:send merhaba
1717355705426:nudge
1717356012285:setname erdem
1717356023061:setname erhan
1717356034430:nudge
1717356229703:setname erdem
1717356237825:setname orhan
1717356246558:nudge
1717356378516:setname erdem
1717356385887:setname orhan
1717356393865:nudge
1717356480192:setname erdem
1717356486858:setname orhan
1717356493213:nudge
1717356564769:setname erdem
1717356574554:setname orhan
1717356580671:nudge
1717356608331:send "merhaba"
1717356615507:nudge
1717356637817:send "naber"
1717356730825:setname erdem
1717356933211:setname orhan
1717357076249:setname erdem
1717357088283:nudge
1717357575780:setname erdem
